TN:
SF:src\index.js
FN:11,(anonymous_0)
FNF:1
FNH:0
FNDA:0,(anonymous_0)
DA:1,0
DA:2,0
DA:3,0
DA:4,0
DA:5,0
DA:7,0
DA:8,0
DA:11,0
DA:12,0
DA:15,0
DA:16,0
DA:18,0
LF:12
LH:0
BRDA:8,0,0,0
BRDA:8,0,1,0
BRF:2
BRH:0
end_of_record
TN:
SF:src\config\database.js
FN:4,(anonymous_0)
FNF:1
FNH:0
FNDA:0,(anonymous_0)
DA:1,0
DA:2,0
DA:4,0
DA:5,0
DA:6,0
DA:7,0
DA:9,0
DA:10,0
DA:15,0
LF:9
LH:0
BRF:0
BRH:0
end_of_record
TN:
SF:src\controllers\AuthController.js
FN:19,(anonymous_0)
FN:24,(anonymous_1)
FN:54,(anonymous_2)
FN:129,(anonymous_3)
FN:205,(anonymous_4)
FN:266,(anonymous_5)
FNF:6
FNH:4
FNDA:1,(anonymous_0)
FNDA:1,(anonymous_1)
FNDA:5,(anonymous_2)
FNDA:0,(anonymous_3)
FNDA:0,(anonymous_4)
FNDA:4,(anonymous_5)
DA:1,1
DA:2,1
DA:3,1
DA:4,1
DA:5,1
DA:6,1
DA:9,1
DA:19,1
DA:20,1
DA:24,1
DA:25,1
DA:26,1
DA:45,1
DA:46,0
DA:47,0
DA:49,1
DA:50,1
DA:54,1
DA:55,5
DA:57,5
DA:59,5
DA:60,1
DA:65,4
DA:66,4
DA:67,1
DA:70,3
DA:71,1
DA:74,2
DA:75,2
DA:77,2
DA:78,1
DA:81,1
DA:83,1
DA:84,1
DA:85,1
DA:87,1
DA:98,1
DA:101,1
DA:103,1
DA:105,1
DA:109,0
DA:115,0
DA:121,1
DA:129,1
DA:130,0
DA:132,0
DA:133,0
DA:138,0
DA:139,0
DA:143,0
DA:144,0
DA:149,0
DA:150,0
DA:156,0
DA:157,0
DA:158,0
DA:164,0
DA:165,0
DA:171,0
DA:181,0
DA:191,0
DA:197,0
DA:198,0
DA:205,1
DA:206,0
DA:208,0
DA:209,0
DA:214,0
DA:215,0
DA:219,0
DA:220,0
DA:225,0
DA:226,0
DA:232,0
DA:233,0
DA:234,0
DA:236,0
DA:245,0
DA:247,0
DA:248,0
DA:253,0
DA:258,0
DA:259,0
DA:266,1
DA:267,4
DA:269,4
DA:271,4
DA:272,1
DA:275,3
DA:276,3
DA:277,1
DA:280,2
DA:281,2
DA:283,1
DA:284,1
DA:287,0
DA:289,0
DA:290,0
DA:293,0
DA:302,0
DA:307,1
DA:311,1
LF:102
LH:55
BRDA:57,0,0,4
BRDA:57,0,1,1
BRDA:59,1,0,1
BRDA:59,1,1,4
BRDA:59,2,0,5
BRDA:59,2,1,5
BRDA:59,2,2,4
BRDA:66,3,0,1
BRDA:66,3,1,3
BRDA:70,4,0,1
BRDA:70,4,1,2
BRDA:77,5,0,1
BRDA:77,5,1,1
BRDA:103,6,0,1
BRDA:103,6,1,0
BRDA:132,7,0,0
BRDA:132,7,1,0
BRDA:132,8,0,0
BRDA:132,8,1,0
BRDA:143,9,0,0
BRDA:143,9,1,0
BRDA:149,10,0,0
BRDA:149,10,1,0
BRDA:157,11,0,0
BRDA:157,11,1,0
BRDA:164,12,0,0
BRDA:164,12,1,0
BRDA:208,13,0,0
BRDA:208,13,1,0
BRDA:219,14,0,0
BRDA:219,14,1,0
BRDA:225,15,0,0
BRDA:225,15,1,0
BRDA:247,16,0,0
BRDA:247,16,1,0
BRDA:269,17,0,3
BRDA:269,17,1,1
BRDA:271,18,0,1
BRDA:271,18,1,3
BRDA:271,19,0,4
BRDA:271,19,1,3
BRDA:276,20,0,1
BRDA:276,20,1,2
BRDA:283,21,0,1
BRDA:283,21,1,0
BRDA:289,22,0,0
BRDA:289,22,1,0
BRF:47
BRH:23
end_of_record
TN:
SF:src\controllers\UserController.js
FN:4,(anonymous_0)
FN:16,(anonymous_1)
FNF:2
FNH:0
FNDA:0,(anonymous_0)
FNDA:0,(anonymous_1)
DA:1,0
DA:2,0
DA:4,0
DA:5,0
DA:6,0
DA:7,0
DA:9,0
DA:16,0
DA:17,0
DA:19,0
DA:20,0
DA:24,0
DA:25,0
DA:30,0
DA:32,0
DA:39,0
LF:16
LH:0
BRDA:24,0,0,0
BRDA:24,0,1,0
BRF:2
BRH:0
end_of_record
TN:
SF:src\routes\AuthRoutes.js
FNF:0
FNH:0
DA:1,0
DA:2,0
DA:3,0
DA:5,0
DA:6,0
DA:7,0
DA:8,0
DA:10,0
LF:8
LH:0
BRF:0
BRH:0
end_of_record
TN:
SF:src\routes\routes.js
FNF:0
FNH:0
DA:1,0
DA:2,0
DA:3,0
DA:5,0
DA:7,0
LF:5
LH:0
BRF:0
BRH:0
end_of_record
